#
# There is insufficient memory for the Java Runtime Environment to continue.
# Native memory allocation (malloc) failed to allocate 1178368 bytes for Chunk::new
# Possible reasons:
#   The system is out of physical RAM or swap space
#   The process is running with CompressedOops enabled, and the Java Heap may be blocking the growth of the native heap
# Possible solutions:
#   Reduce memory load on the system
#   Increase physical memory or swap space
#   Check if swap backing store is full
#   Decrease Java heap size (-Xmx/-Xms)
#   Decrease number of Java threads
#   Decrease Java thread stack sizes (-Xss)
#   Set larger code cache with -XX:ReservedCodeCacheSize=
#   JVM is running with Unscaled Compressed Oops mode in which the Java heap is
#     placed in the first 4GB address space. The Java Heap base address is the
#     maximum limit for the native heap growth. Please use -XX:HeapBaseMinAddress
#     to set the Java Heap base and to place the Java Heap above 4GB virtual address.
# This output file may be truncated or incomplete.
#
#  Out of Memory Error (allocation.cpp:389), pid=436, tid=0x00000000000019a0
#
# JRE version: OpenJDK Runtime Environment (8.0_202-b03) (build 1.8.0_202-release-1483-b03)
# Java VM: OpenJDK 64-Bit Server VM (25.202-b03 mixed mode windows-amd64 compressed oops)
# Failed to write core dump. Minidumps are not enabled by default on client versions of Windows
#

---------------  T H R E A D  ---------------

Current thread (0x000000001606b800):  JavaThread "C2 CompilerThread1" daemon [_thread_in_native, id=6560, stack(0x00000000177e0000,0x00000000178e0000)]

Stack: [0x00000000177e0000,0x00000000178e0000]
[error occurred during error reporting (printing stack bounds), id 0xc0000005]

Native frames: (J=compiled Java code, j=interpreted, Vv=VM code, C=native code)


Current CompileTask:
C2:3890300 29291       4       com.android.tools.r8.ir.optimize.P::a (840 bytes)


---------------  P R O C E S S  ---------------

Java Threads: ( => current thread )
  0x0000000019552800 JavaThread "Cache worker for Java compile cache (C:\Users\rebec\Documents\FinalAbert\.gradle\5.4.1\javaCompile)" [_thread_blocked, id=4028, stack(0x0000000034f40000,0x0000000035040000)]
  0x0000000019549800 JavaThread "stdout" [_thread_in_native, id=8104, stack(0x0000000034940000,0x0000000034a40000)]
  0x0000000019548800 JavaThread "stderr" [_thread_in_native, id=8928, stack(0x0000000034840000,0x0000000034940000)]
  0x000000001954e800 JavaThread "stdout" [_thread_in_native, id=552, stack(0x0000000034740000,0x0000000034840000)]
  0x000000001954e000 JavaThread "stderr" [_thread_in_native, id=5440, stack(0x0000000034640000,0x0000000034740000)]
  0x0000000019546800 JavaThread "stdout" [_thread_in_native, id=9156, stack(0x0000000034540000,0x0000000034640000)]
  0x0000000019545800 JavaThread "stderr" [_thread_in_native, id=9104, stack(0x0000000034440000,0x0000000034540000)]
  0x0000000019548000 JavaThread "WorkerExecutor Queue Thread 4" [_thread_blocked, id=1996, stack(0x0000000034340000,0x0000000034440000)]
  0x000000001954c800 JavaThread "stdout" [_thread_in_native, id=1960, stack(0x0000000034240000,0x0000000034340000)]
  0x000000001e08e800 JavaThread "stderr" [_thread_in_native, id=8604, stack(0x0000000034140000,0x0000000034240000)]
  0x000000001e08e000 JavaThread "WorkerExecutor Queue Thread 3" [_thread_blocked, id=7052, stack(0x0000000034040000,0x0000000034140000)]
  0x000000001e090000 JavaThread "pool-17-thread-1" [_thread_blocked, id=5572, stack(0x0000000033f40000,0x0000000034040000)]
  0x000000001e092800 JavaThread "WorkerExecutor Queue Thread 2" [_thread_blocked, id=6368, stack(0x0000000033e40000,0x0000000033f40000)]
  0x000000001e08b000 JavaThread "WorkerExecutor Queue" [_thread_blocked, id=8740, stack(0x0000000033d40000,0x0000000033e40000)]
  0x000000001e091800 JavaThread "Cache worker for execution history cache (C:\Users\rebec\Documents\FinalAbert\.gradle\5.4.1\executionHistory)" [_thread_blocked, id=4480, stack(0x0000000033c40000,0x0000000033d40000)]
  0x000000001e083000 JavaThread "Execution worker for ':' Thread 3" [_thread_blocked, id=3400, stack(0x0000000033b40000,0x0000000033c40000)]
  0x000000001e087000 JavaThread "Execution worker for ':' Thread 2" [_thread_in_Java, id=4272, stack(0x0000000033a40000,0x0000000033b40000)]
  0x000000001e089800 JavaThread "Execution worker for ':'" [_thread_in_Java, id=2992, stack(0x0000000033940000,0x0000000033a40000)]
  0x000000001e088800 JavaThread "Cache worker for file content cache (C:\Users\rebec\Documents\FinalAbert\.gradle\5.4.1\fileContent)" [_thread_blocked, id=8644, stack(0x0000000033540000,0x0000000033640000)]
  0x000000001e084800 JavaThread "Cache worker for Build Output Cleanup Cache (C:\Users\rebec\Documents\FinalAbert\.gradle\buildOutputCleanup)" [_thread_blocked, id=5016, stack(0x0000000033440000,0x0000000033540000)]
  0x000000001e084000 JavaThread "pool-16-thread-1" [_thread_blocked, id=9040, stack(0x0000000033340000,0x0000000033440000)]
  0x000000001bca8800 JavaThread "Build operations Thread 4" [_thread_blocked, id=8904, stack(0x0000000033240000,0x0000000033340000)]
  0x000000001bcaf000 JavaThread "Build operations Thread 3" [_thread_blocked, id=1836, stack(0x0000000033140000,0x0000000033240000)]
  0x000000001bcab800 JavaThread "Build operations Thread 2" [_thread_blocked, id=216, stack(0x0000000033040000,0x0000000033140000)]
  0x000000001bca7800 JavaThread "Build operations" [_thread_blocked, id=360, stack(0x0000000032f40000,0x0000000033040000)]
  0x000000001bcae800 JavaThread "Cache worker for cache directory md-rule (C:\Users\rebec\.gradle\caches\5.4.1\md-rule)" [_thread_blocked, id=208, stack(0x0000000032e40000,0x0000000032f40000)]
  0x000000001bcaa000 JavaThread "Cache worker for cache directory md-supplier (C:\Users\rebec\.gradle\caches\5.4.1\md-supplier)" [_thread_blocked, id=7444, stack(0x0000000032d40000,0x0000000032e40000)]
  0x000000001bcac000 JavaThread "Cache worker for file hash cache (C:\Users\rebec\Documents\FinalAbert\.gradle\5.4.1\fileHashes)" [_thread_blocked, id=5052, stack(0x0000000032c40000,0x0000000032d40000)]
  0x000000001bcad800 JavaThread "Thread-150" [_thread_blocked, id=5740, stack(0x0000000032b40000,0x0000000032c40000)]
  0x000000001bca0000 JavaThread "Asynchronous log dispatcher for DefaultDaemonConnection: socket connection from /127.0.0.1:51849 to /127.0.0.1:51964" [_thread_blocked, id=1208, stack(0x0000000032940000,0x0000000032a40000)]
  0x000000001bca7000 JavaThread "Daemon worker Thread 5" [_thread_in_Java, id=8064, stack(0x0000000032840000,0x0000000032940000)]
  0x000000001bca1800 JavaThread "Cancel handler" [_thread_blocked, id=8520, stack(0x0000000032740000,0x0000000032840000)]
  0x000000001bca6000 JavaThread "Handler for socket connection from /127.0.0.1:51849 to /127.0.0.1:51964" [_thread_in_native, id=7320, stack(0x0000000032640000,0x0000000032740000)]
  0x000000001bca5800 JavaThread "Daemon Thread 5" [_thread_blocked, id=8252, stack(0x0000000032540000,0x0000000032640000)]
  0x000000001954f800 JavaThread "Cache worker for Java compile cache (C:\Users\rebec\.gradle\caches\5.4.1\javaCompile)" [_thread_blocked, id=4748, stack(0x0000000025560000,0x0000000025660000)]
  0x000000001e091000 JavaThread "Cache worker for file content cache (C:\Users\rebec\.gradle\caches\5.4.1\fileContent)" [_thread_blocked, id=8228, stack(0x0000000024260000,0x0000000024360000)]
  0x000000001e08f800 JavaThread "Memory manager" [_thread_blocked, id=6332, stack(0x0000000021b70000,0x0000000021c70000)]
  0x000000001e086800 JavaThread "Cache worker for execution history cache (C:\Users\rebec\.gradle\caches\5.4.1\executionHistory)" [_thread_blocked, id=9176, stack(0x000000001f1a0000,0x000000001f2a0000)]
  0x00000000183a1000 JavaThread "Cache worker for journal cache (C:\Users\rebec\.gradle\caches\journal-1)" [_thread_blocked, id=8292, stack(0x000000001af40000,0x000000001b040000)]
  0x00000000183a5800 JavaThread "File lock request listener" [_thread_in_native, id=2384, stack(0x000000001ab40000,0x000000001ac40000)]
  0x00000000183a6000 JavaThread "Cache worker for file hash cache (C:\Users\rebec\.gradle\caches\5.4.1\fileHashes)" [_thread_blocked, id=2032, stack(0x000000001aa40000,0x000000001ab40000)]
  0x0000000018fbe000 JavaThread "Daemon periodic checks" [_thread_blocked, id=8532, stack(0x000000001a040000,0x000000001a140000)]
  0x0000000018f9a800 JavaThread "Incoming local TCP Connector on port 51849" [_thread_in_native, id=7780, stack(0x0000000019df0000,0x0000000019ef0000)]
  0x0000000018e9f800 JavaThread "Daemon health stats" [_thread_blocked, id=1928, stack(0x00000000197b0000,0x00000000198b0000)]
  0x00000000160ce800 JavaThread "Service Thread" daemon [_thread_blocked, id=7472, stack(0x0000000017de0000,0x0000000017ee0000)]
  0x0000000016070000 JavaThread "C1 CompilerThread2" daemon [_thread_blocked, id=5496, stack(0x00000000178e0000,0x00000000179e0000)]
=>0x000000001606b800 JavaThread "C2 CompilerThread1" daemon [_thread_in_native, id=6560, stack(0x00000000177e0000,0x00000000178e0000)]
  0x0000000016068800 JavaThread "C2 CompilerThread0" daemon [_thread_in_native, id=7040, stack(0x00000000176e0000,0x00000000177e0000)]
  0x0000000016076800 JavaThread "Attach Listener" daemon [_thread_blocked, id=7384, stack(0x00000000175e0000,0x00000000176e0000)]
  0x0000000016075000 JavaThread "Signal Dispatcher" daemon [_thread_blocked, id=528, stack(0x00000000174e0000,0x00000000175e0000)]
  0x00000000026fb000 JavaThread "Finalizer" daemon [_thread_blocked, id=1788, stack(0x00000000172d0000,0x00000000173d0000)]
  0x0000000016059000 JavaThread "Reference Handler" daemon [_thread_blocked, id=2432, stack(0x00000000171d0000,0x00000000172d0000)]
  0x0000000002602800 JavaThread "main" [_thread_blocked, id=5664, stack(0x0000000002490000,0x0000000002590000)]

Other Threads:
  0x0000000016036000 VMThread [stack: 0x00000000170d0000,0x00000000171d0000] [id=840]
  0x0000000017a0a800 WatcherThread [stack: 0x0000000017ee0000,0x0000000017fe0000] [id=6492]

VM state:not at safepoint (normal execution)

VM Mutex/Monitor currently owned by a thread: None

heap address: 0x00000000a0000000, size: 1536 MB, Compressed Oops mode: 32-bit
Narrow klass base: 0x0000000000000000, Narrow klass shift: 3
Compressed class space size: 1073741824 Address: 0x0000000100000000

Heap:
 PSYoungGen      total 458240K, used 58721K [0x00000000e0000000, 0x0000000100000000, 0x0000000100000000)
  eden space 402944K, 4% used [0x00000000e0000000,0x00000000e10b8cf8,0x00000000f8980000)
  from space 55296K, 75% used [0x00000000fc300000,0x00000000feb9fa90,0x00000000ff900000)
  to   space 58880K, 0% used [0x00000000f8980000,0x00000000f8980000,0x00000000fc300000)
 ParOldGen       total 211456K, used 151360K [0x00000000a0000000, 0x00000000ace80000, 0x00000000e0000000)
  object space 211456K, 71% used [0x00000000a0000000,0x00000000a93d03d8,0x00000000ace80000)
 Metaspace       used 134517K, capacity 140091K, committed 140376K, reserved 1171456K
  class space    used 16874K, capacity 18012K, committed 18048K, reserved 1048576K

Card table byte_map: [0x0000000011ac0000,0x0000000011dd0000] byte_map_base: 0x00000000115c0000

Marking Bits: (ParMarkBitMap*) 0x00000000697a9f30
 Begin Bits: [0x00000000123d0000, 0x0000000013bd0000)
 End Bits:   [0x0000000013bd0000, 0x00000000153d0000)

Polling page: 0x0000000000750000

CodeCache: size=245760Kb used=77136Kb max_used=78977Kb free=168624Kb
 bounds [0x0000000002700000, 0x0000000007490000, 0x0000000011700000]
 total_blobs=22750 nmethods=21786 adapters=873
 compilation: enabled

Compilation events (10 events):
Event: 3887.197 Thread 0x0000000016070000 29352       2       java.lang.ThreadLocal::nextHashCode (9 bytes)
Event: 3887.198 Thread 0x0000000016070000 nmethod 29352 0x0000000006fb2310 code [0x0000000006fb2460, 0x0000000006fb25b0]
Event: 3887.234 Thread 0x0000000016070000 29353       2       com.android.tools.r8.ir.conversion.IRBuilder::g (81 bytes)
Event: 3887.235 Thread 0x0000000016070000 nmethod 29353 0x0000000004009910 code [0x0000000004009ae0, 0x0000000004009e58]
Event: 3887.235 Thread 0x0000000016070000 29354       2       com.android.tools.r8.ir.code.Q::<init> (10 bytes)
Event: 3887.236 Thread 0x0000000016070000 nmethod 29354 0x0000000004009550 code [0x00000000040096c0, 0x0000000004009828]
Event: 3887.474 Thread 0x0000000016070000 29355       3       com.android.tools.r8.ir.analysis.g.e::a (147 bytes)
Event: 3887.477 Thread 0x0000000016070000 nmethod 29355 0x00000000042e0a10 code [0x00000000042e0d40, 0x00000000042e2818]
Event: 3887.516 Thread 0x0000000016070000 29357       2       com.android.tools.r8.ir.optimize.CodeRewriter$g::<init> (98 bytes)
Event: 3887.517 Thread 0x0000000016070000 nmethod 29357 0x00000000042e0450 code [0x00000000042e05c0, 0x00000000042e0878]

GC Heap History (10 events):
Event: 3786.051 GC heap before
{Heap before GC invocations=47 (full 5):
 PSYoungGen      total 393728K, used 376609K [0x00000000e0000000, 0x00000000fc480000, 0x0000000100000000)
  eden space 347648K, 100% used [0x00000000e0000000,0x00000000f5380000,0x00000000f5380000)
  from space 46080K, 62% used [0x00000000f5380000,0x00000000f6fc8568,0x00000000f8080000)
  to   space 47616K, 0% used [0x00000000f9600000,0x00000000f9600000,0x00000000fc480000)
 ParOldGen       total 211456K, used 133619K [0x00000000a0000000, 0x00000000ace80000, 0x00000000e0000000)
  object space 211456K, 63% used [0x00000000a0000000,0x00000000a827cd38,0x00000000ace80000)
 Metaspace       used 98251K, capacity 103148K, committed 103384K, reserved 1138688K
  class space    used 12491K, capacity 13457K, committed 13568K, reserved 1048576K
Event: 3786.109 GC heap after
Heap after GC invocations=47 (full 5):
 PSYoungGen      total 410624K, used 24290K [0x00000000e0000000, 0x00000000fc100000, 0x0000000100000000)
  eden space 366592K, 0% used [0x00000000e0000000,0x00000000e0000000,0x00000000f6600000)
  from space 44032K, 55% used [0x00000000f9600000,0x00000000fadb8b38,0x00000000fc100000)
  to   space 46592K, 0% used [0x00000000f6600000,0x00000000f6600000,0x00000000f9380000)
 ParOldGen       total 211456K, used 133627K [0x00000000a0000000, 0x00000000ace80000, 0x00000000e0000000)
  object space 211456K, 63% used [0x00000000a0000000,0x00000000a827ed38,0x00000000ace80000)
 Metaspace       used 98251K, capacity 103148K, committed 103384K, reserved 1138688K
  class space    used 12491K, capacity 13457K, committed 13568K, reserved 1048576K
}
Event: 3795.936 GC heap before
{Heap before GC invocations=48 (full 5):
 PSYoungGen      total 410624K, used 390882K [0x00000000e0000000, 0x00000000fc100000, 0x0000000100000000)
  eden space 366592K, 100% used [0x00000000e0000000,0x00000000f6600000,0x00000000f6600000)
  from space 44032K, 55% used [0x00000000f9600000,0x00000000fadb8b38,0x00000000fc100000)
  to   space 46592K, 0% used [0x00000000f6600000,0x00000000f6600000,0x00000000f9380000)
 ParOldGen       total 211456K, used 133627K [0x00000000a0000000, 0x00000000ace80000, 0x00000000e0000000)
  object space 211456K, 63% used [0x00000000a0000000,0x00000000a827ed38,0x00000000ace80000)
 Metaspace       used 98340K, capacity 103248K, committed 103384K, reserved 1138688K
  class space    used 12497K, capacity 13467K, committed 13568K, reserved 1048576K
Event: 3796.013 GC heap after
Heap after GC invocations=48 (full 5):
 PSYoungGen      total 413184K, used 22894K [0x00000000e0000000, 0x00000000fd380000, 0x0000000100000000)
  eden space 366592K, 0% used [0x00000000e0000000,0x00000000e0000000,0x00000000f6600000)
  from space 46592K, 49% used [0x00000000f6600000,0x00000000f7c5b840,0x00000000f9380000)
  to   space 45056K, 0% used [0x00000000fa780000,0x00000000fa780000,0x00000000fd380000)
 ParOldGen       total 211456K, used 133627K [0x00000000a0000000, 0x00000000ace80000, 0x00000000e0000000)
  object space 211456K, 63% used [0x00000000a0000000,0x00000000a827ed38,0x00000000ace80000)
 Metaspace       used 98340K, capacity 103248K, committed 103384K, reserved 1138688K
  class space    used 12497K, capacity 13467K, committed 13568K, reserved 1048576K
}
Event: 3848.567 GC heap before
{Heap before GC invocations=49 (full 5):
 PSYoungGen      total 413184K, used 389478K [0x00000000e0000000, 0x00000000fd380000, 0x0000000100000000)
  eden space 366592K, 99% used [0x00000000e0000000,0x00000000f65fe3a8,0x00000000f6600000)
  from space 46592K, 49% used [0x00000000f6600000,0x00000000f7c5b840,0x00000000f9380000)
  to   space 45056K, 0% used [0x00000000fa780000,0x00000000fa780000,0x00000000fd380000)
 ParOldGen       total 211456K, used 133627K [0x00000000a0000000, 0x00000000ace80000, 0x00000000e0000000)
  object space 211456K, 63% used [0x00000000a0000000,0x00000000a827ed38,0x00000000ace80000)
 Metaspace       used 98669K, capacity 103640K, committed 103896K, reserved 1140736K
  class space    used 12503K, capacity 13469K, committed 13568K, reserved 1048576K
Event: 3848.718 GC heap after
Heap after GC invocations=49 (full 5):
 PSYoungGen      total 425472K, used 21537K [0x00000000e0000000, 0x00000000fcd80000, 0x0000000100000000)
  eden space 386560K, 0% used [0x00000000e0000000,0x00000000e0000000,0x00000000f7980000)
  from space 38912K, 55% used [0x00000000fa780000,0x00000000fbc88450,0x00000000fcd80000)
  to   space 43008K, 0% used [0x00000000f7980000,0x00000000f7980000,0x00000000fa380000)
 ParOldGen       total 211456K, used 133635K [0x00000000a0000000, 0x00000000ace80000, 0x00000000e0000000)
  object space 211456K, 63% used [0x00000000a0000000,0x00000000a8280d38,0x00000000ace80000)
 Metaspace       used 98669K, capacity 103640K, committed 103896K, reserved 1140736K
  class space    used 12503K, capacity 13469K, committed 13568K, reserved 1048576K
}
Event: 3881.752 GC heap before
{Heap before GC invocations=50 (full 5):
 PSYoungGen      total 425472K, used 408097K [0x00000000e0000000, 0x00000000fcd80000, 0x0000000100000000)
  eden space 386560K, 100% used [0x00000000e0000000,0x00000000f7980000,0x00000000f7980000)
  from space 38912K, 55% used [0x00000000fa780000,0x00000000fbc88450,0x00000000fcd80000)
  to   space 43008K, 0% used [0x00000000f7980000,0x00000000f7980000,0x00000000fa380000)
 ParOldGen       total 211456K, used 133635K [0x00000000a0000000, 0x00000000ace80000, 0x00000000e0000000)
  object space 211456K, 63% used [0x00000000a0000000,0x00000000a8280d38,0x00000000ace80000)
 Metaspace       used 130706K, capacity 136175K, committed 136408K, reserved 1167360K
  class space    used 16489K, capacity 17601K, committed 17664K, reserved 1048576K
Event: 3881.888 GC heap after
Heap after GC invocations=50 (full 5):
 PSYoungGen      total 429568K, used 43007K [0x00000000e0000000, 0x00000000ff900000, 0x0000000100000000)
  eden space 386560K, 0% used [0x00000000e0000000,0x00000000e0000000,0x00000000f7980000)
  from space 43008K, 99% used [0x00000000f7980000,0x00000000fa37ff08,0x00000000fa380000)
  to   space 55296K, 0% used [0x00000000fc300000,0x00000000fc300000,0x00000000ff900000)
 ParOldGen       total 211456K, used 149806K [0x00000000a0000000, 0x00000000ace80000, 0x00000000e0000000)
  object space 211456K, 70% used [0x00000000a0000000,0x00000000a924b968,0x00000000ace80000)
 Metaspace       used 130706K, capacity 136175K, committed 136408K, reserved 1167360K
  class space    used 16489K, capacity 17601K, committed 17664K, reserved 1048576K
}
Event: 3887.246 GC heap before
{Heap before GC invocations=51 (full 5):
 PSYoungGen      total 429568K, used 429567K [0x00000000e0000000, 0x00000000ff900000, 0x0000000100000000)
  eden space 386560K, 100% used [0x00000000e0000000,0x00000000f7980000,0x00000000f7980000)
  from space 43008K, 99% used [0x00000000f7980000,0x00000000fa37ff08,0x00000000fa380000)
  to   space 55296K, 0% used [0x00000000fc300000,0x00000000fc300000,0x00000000ff900000)
 ParOldGen       total 211456K, used 149806K [0x00000000a0000000, 0x00000000ace80000, 0x00000000e0000000)
  object space 211456K, 70% used [0x00000000a0000000,0x00000000a924b968,0x00000000ace80000)
 Metaspace       used 134517K, capacity 140091K, committed 140376K, reserved 1171456K
  class space    used 16874K, capacity 18012K, committed 18048K, reserved 1048576K
Event: 3887.470 GC heap after
Heap after GC invocations=51 (full 5):
 PSYoungGen      total 458240K, used 41598K [0x00000000e0000000, 0x0000000100000000, 0x0000000100000000)
  eden space 402944K, 0% used [0x00000000e0000000,0x00000000e0000000,0x00000000f8980000)
  from space 55296K, 75% used [0x00000000fc300000,0x00000000feb9fa90,0x00000000ff900000)
  to   space 58880K, 0% used [0x00000000f8980000,0x00000000f8980000,0x00000000fc300000)
 ParOldGen       total 211456K, used 151360K [0x00000000a0000000, 0x00000000ace80000, 0x00000000e0000000)
  object space 211456K, 71% used [0x00000000a0000000,0x00000000a93d03d8,0x00000000ace80000)
 Metaspace       used 134517K, capacity 140091K, committed 140376K, reserved 1171456K
  class space    used 16874K, capacity 18012K, committed 18048K, reserved 1048576K
}

Deoptimization events (10 events):
Event: 3883.566 Thread 0x000000001bca7000 Uncommon trap: reason=bimorphic action=maybe_recompile pc=0x000000000735eee4 method=gnu.trove.TObjectHash.computeHashCode(Ljava/lang/Object;)I @ 5
Event: 3883.593 Thread 0x000000001bca7000 Uncommon trap: reason=unstable_if action=reinterpret pc=0x000000000739743c method=org.jetbrains.org.objectweb.asm.ClassReader.readUtf(II[C)Ljava/lang/String; @ 41
Event: 3883.631 Thread 0x000000001bca7000 Uncommon trap: reason=unstable_if action=reinterpret pc=0x0000000004fbdc48 method=java.lang.ThreadLocal$ThreadLocalMap.remove(Ljava/lang/ThreadLocal;)V @ 26
Event: 3884.473 Thread 0x000000001bca7000 Uncommon trap: reason=unstable_if action=reinterpret pc=0x00000000068a9190 method=com.android.tools.r8.ir.conversion.N.getCanonicalDebugPositionAtOffset(I)Lcom/android/tools/r8/ir/code/Position; @ 51
Event: 3885.206 Thread 0x000000001e083000 Uncommon trap: reason=unstable_if action=reinterpret pc=0x00000000029f741c method=java.util.HashMap.getNode(ILjava/lang/Object;)Ljava/util/HashMap$Node; @ 84
Event: 3885.206 Thread 0x000000001e083000 Uncommon trap: reason=unstable_if action=reinterpret pc=0x00000000029f66ac method=java.util.HashMap.getNode(ILjava/lang/Object;)Ljava/util/HashMap$Node; @ 84
Event: 3885.750 Thread 0x000000001bca7000 Uncommon trap: reason=unstable_if action=reinterpret pc=0x00000000034dac40 method=com.android.tools.r8.graph.DexString.<init>(Ljava/lang/String;)V @ 32
Event: 3885.751 Thread 0x000000001bca7000 Uncommon trap: reason=unstable_if action=reinterpret pc=0x0000000003e80cc8 method=com.android.tools.r8.graph.DexString.<init>(Ljava/lang/String;)V @ 32
Event: 3885.783 Thread 0x000000001e089800 Uncommon trap: reason=unstable_if action=reinterpret pc=0x00000000038d3354 method=com.android.tools.r8.ir.code.Position.b()Z @ 5
Event: 3886.003 Thread 0x000000001bca7000 Uncommon trap: reason=unstable_if action=reinterpret pc=0x0000000006c04ff8 method=com.android.tools.r8.ir.regalloc.LinearScanRegisterAllocator.a(Lcom/android/tools/r8/ir/regalloc/LinearScanRegisterAllocator$a;Z)Lcom/android/tools/r8/ir/regalloc/LinearScan

Classes redefined (0 events):
No events

Internal exceptions (10 events):
Event: 3886.519 Thread 0x000000001e089800 Exception <a 'sun/nio/fs/WindowsException'> (0x00000000f1d55298) thrown at [D:\src\AOSP-openjdk-cygwin\jdk8u\hotspot\src\share\vm\prims\jni.cpp, line 710]
Event: 3886.656 Thread 0x000000001e087000 Exception <a 'sun/nio/fs/WindowsException'> (0x00000000f31126e0) thrown at [D:\src\AOSP-openjdk-cygwin\jdk8u\hotspot\src\share\vm\prims\jni.cpp, line 710]
Event: 3886.664 Thread 0x000000001e089800 Exception <a 'sun/nio/fs/WindowsException'> (0x00000000f3185568) thrown at [D:\src\AOSP-openjdk-cygwin\jdk8u\hotspot\src\share\vm\prims\jni.cpp, line 710]
Event: 3886.799 Thread 0x000000001e089800 Exception <a 'sun/nio/fs/WindowsException'> (0x00000000f31c6820) thrown at [D:\src\AOSP-openjdk-cygwin\jdk8u\hotspot\src\share\vm\prims\jni.cpp, line 710]
Event: 3886.817 Thread 0x000000001e087000 Exception <a 'sun/nio/fs/WindowsException'> (0x00000000f408c470) thrown at [D:\src\AOSP-openjdk-cygwin\jdk8u\hotspot\src\share\vm\prims\jni.cpp, line 710]
Event: 3886.841 Thread 0x000000001e089800 Exception <a 'sun/nio/fs/WindowsException'> (0x00000000f46d0e30) thrown at [D:\src\AOSP-openjdk-cygwin\jdk8u\hotspot\src\share\vm\prims\jni.cpp, line 710]
Event: 3886.992 Thread 0x000000001e083000 Exception <a 'sun/nio/fs/WindowsException'> (0x00000000f5627b98) thrown at [D:\src\AOSP-openjdk-cygwin\jdk8u\hotspot\src\share\vm\prims\jni.cpp, line 710]
Event: 3887.002 Thread 0x000000001bca7000 Exception <a 'sun/nio/fs/WindowsException'> (0x00000000f5151638) thrown at [D:\src\AOSP-openjdk-cygwin\jdk8u\hotspot\src\share\vm\prims\jni.cpp, line 710]
Event: 3887.121 Thread 0x000000001e089800 Exception <a 'sun/nio/fs/WindowsException'> (0x00000000f66542f0) thrown at [D:\src\AOSP-openjdk-cygwin\jdk8u\hotspot\src\share\vm\prims\jni.cpp, line 710]
Event: 3887.203 Thread 0x000000001bca7000 Exception <a 'sun/nio/fs/WindowsException'> (0x00000000f51bd578) thrown at [D:\src\AOSP-openjdk-cygwin\jdk8u\hotspot\src\share\vm\prims\jni.cpp, line 710]

Events (10 events):
Event: 3887.109 Thread 0x000000001e087000 DEOPT PACKING pc=0x00000000050694c8 sp=0x0000000033b3af30
Event: 3887.109 Thread 0x000000001e087000 DEOPT UNPACKING pc=0x00000000027471d0 sp=0x0000000033b3ac50 mode 0
Event: 3887.218 Thread 0x000000001e087000 DEOPT PACKING pc=0x000000000509d9ba sp=0x0000000033b3acc0
Event: 3887.218 Thread 0x000000001e087000 DEOPT UNPACKING pc=0x00000000027471d0 sp=0x0000000033b3a9d8 mode 0
Event: 3887.245 Executing VM operation: ParallelGCFailedAllocation
Event: 3887.470 Executing VM operation: ParallelGCFailedAllocation done
Event: 3887.511 Executing VM operation: RevokeBias
Event: 3887.512 Executing VM operation: RevokeBias done
Event: 3887.532 Thread 0x000000001e089800 DEOPT PACKING pc=0x00000000050694b1 sp=0x0000000033a3b000
Event: 3887.532 Thread 0x000000001e089800 DEOPT UNPACKING pc=0x00000000027471d0 sp=0x0000000033a3ad28 mode 0


Dynamic libraries:
0x00007ff77e500000 - 0x00007ff77e531000 	C:\Program Files\Android\Android Studio\jre\bin\java.exe
0x00007ffd205e0000 - 0x00007ffd207c1000 	C:\WINDOWS\SYSTEM32\ntdll.dll
0x00007ffd20470000 - 0x00007ffd20521000 	C:\WINDOWS\System32\KERNEL32.DLL
0x00007ffd1cd40000 - 0x00007ffd1cfb3000 	C:\WINDOWS\System32\KERNELBASE.dll
0x00007ffd1da60000 - 0x00007ffd1db01000 	C:\WINDOWS\System32\ADVAPI32.dll
0x00007ffd1db70000 - 0x00007ffd1dc0e000 	C:\WINDOWS\System32\msvcrt.dll
0x00007ffd1e650000 - 0x00007ffd1e6ab000 	C:\WINDOWS\System32\sechost.dll
0x00007ffd201c0000 - 0x00007ffd202e4000 	C:\WINDOWS\System32\RPCRT4.dll
0x00007ffd1e090000 - 0x00007ffd1e220000 	C:\WINDOWS\System32\USER32.dll
0x00007ffd1cd20000 - 0x00007ffd1cd40000 	C:\WINDOWS\System32\win32u.dll
0x00007ffd20440000 - 0x00007ffd20468000 	C:\WINDOWS\System32\GDI32.dll
0x00007ffd1d8c0000 - 0x00007ffd1da51000 	C:\WINDOWS\System32\gdi32full.dll
0x00007ffd1cc80000 - 0x00007ffd1cd1f000 	C:\WINDOWS\System32\msvcp_win.dll
0x00007ffd1ca00000 - 0x00007ffd1caf8000 	C:\WINDOWS\System32\ucrtbase.dll
0x00007ffd0cb60000 - 0x00007ffd0cdc9000 	C:\WINDOWS\WinSxS\amd64_microsoft.windows.common-controls_6595b64144ccf1df_6.0.17134.1067_none_d401a3eb7c8ebdea\COMCTL32.dll
0x00007ffd1e320000 - 0x00007ffd1e641000 	C:\WINDOWS\System32\combase.dll
0x00007ffd1cc00000 - 0x00007ffd1cc79000 	C:\WINDOWS\System32\bcryptPrimitives.dll
0x00007ffd1e060000 - 0x00007ffd1e08d000 	C:\WINDOWS\System32\IMM32.DLL
0x0000000069dd0000 - 0x0000000069ea2000 	C:\Program Files\Android\Android Studio\jre\jre\bin\msvcr100.dll
0x0000000068fe0000 - 0x0000000069826000 	C:\Program Files\Android\Android Studio\jre\jre\bin\server\jvm.dll
0x00007ffd1e7a0000 - 0x00007ffd1e7a8000 	C:\WINDOWS\System32\PSAPI.DLL
0x00007ffd19040000 - 0x00007ffd19049000 	C:\WINDOWS\SYSTEM32\WSOCK32.dll
0x00007ffd0f5f0000 - 0x00007ffd0f5fa000 	C:\WINDOWS\SYSTEM32\VERSION.dll
0x00007ffd1aab0000 - 0x00007ffd1aad3000 	C:\WINDOWS\SYSTEM32\WINMM.dll
0x00007ffd20540000 - 0x00007ffd205ac000 	C:\WINDOWS\System32\WS2_32.dll
0x00007ffd1a550000 - 0x00007ffd1a57a000 	C:\WINDOWS\SYSTEM32\WINMMBASE.dll
0x00007ffd1cb00000 - 0x00007ffd1cb49000 	C:\WINDOWS\System32\cfgmgr32.dll
0x00007ffd18fc0000 - 0x00007ffd18fcf000 	C:\Program Files\Android\Android Studio\jre\jre\bin\verify.dll
0x00007ffd136c0000 - 0x00007ffd136e9000 	C:\Program Files\Android\Android Studio\jre\jre\bin\java.dll
0x00007ffd137c0000 - 0x00007ffd137d6000 	C:\Program Files\Android\Android Studio\jre\jre\bin\zip.dll
0x00007ffd1ea50000 - 0x00007ffd1fe94000 	C:\WINDOWS\System32\SHELL32.dll
0x00007ffd202f0000 - 0x00007ffd20399000 	C:\WINDOWS\System32\shcore.dll
0x00007ffd1cfc0000 - 0x00007ffd1d6d0000 	C:\WINDOWS\System32\windows.storage.dll
0x00007ffd1e7b0000 - 0x00007ffd1e801000 	C:\WINDOWS\System32\shlwapi.dll
0x00007ffd1c970000 - 0x00007ffd1c981000 	C:\WINDOWS\System32\kernel.appcore.dll
0x00007ffd1c930000 - 0x00007ffd1c94f000 	C:\WINDOWS\System32\profapi.dll
0x00007ffd1c8e0000 - 0x00007ffd1c92c000 	C:\WINDOWS\System32\powrprof.dll
0x00007ffd1c990000 - 0x00007ffd1c99a000 	C:\WINDOWS\System32\FLTLIB.DLL
0x00007ffd136a0000 - 0x00007ffd136ba000 	C:\Program Files\Android\Android Studio\jre\jre\bin\net.dll
0x00007ffd1c100000 - 0x00007ffd1c166000 	C:\WINDOWS\system32\mswsock.dll
0x00007ffd13680000 - 0x00007ffd13691000 	C:\Program Files\Android\Android Studio\jre\jre\bin\nio.dll
0x00007ffd0dda0000 - 0x00007ffd0ddc6000 	C:\Users\rebec\.gradle\native\29\windows-amd64\native-platform.dll
0x00007ffd16040000 - 0x00007ffd1604d000 	C:\Program Files\Android\Android Studio\jre\jre\bin\management.dll
0x00007ffd1c2b0000 - 0x00007ffd1c2c7000 	C:\WINDOWS\SYSTEM32\CRYPTSP.dll
0x00007ffd1bcb0000 - 0x00007ffd1bce3000 	C:\WINDOWS\system32\rsaenh.dll
0x00007ffd1c3e0000 - 0x00007ffd1c405000 	C:\WINDOWS\SYSTEM32\bcrypt.dll
0x00007ffd1c7e0000 - 0x00007ffd1c808000 	C:\WINDOWS\SYSTEM32\USERENV.dll
0x00007ffd1c2d0000 - 0x00007ffd1c2db000 	C:\WINDOWS\SYSTEM32\CRYPTBASE.dll
0x00007ffd1be50000 - 0x00007ffd1be88000 	C:\WINDOWS\SYSTEM32\IPHLPAPI.DLL
0x00007ffd1e810000 - 0x00007ffd1e818000 	C:\WINDOWS\System32\NSI.dll
0x00007ffd16760000 - 0x00007ffd16776000 	C:\WINDOWS\SYSTEM32\dhcpcsvc6.DLL
0x00007ffd16710000 - 0x00007ffd1672a000 	C:\WINDOWS\SYSTEM32\dhcpcsvc.DLL
0x00007ffd0e380000 - 0x00007ffd0e3a4000 	C:\Program Files\Android\Android Studio\jre\jre\bin\sunec.dll
0x00007ffd1bea0000 - 0x00007ffd1bf5e000 	C:\WINDOWS\SYSTEM32\DNSAPI.dll
0x00007ffd12f40000 - 0x00007ffd12f4a000 	C:\Windows\System32\rasadhlp.dll
0x00007ffd13b00000 - 0x00007ffd13b72000 	C:\WINDOWS\System32\fwpuclnt.dll
0x00007ffd10c30000 - 0x00007ffd10c3b000 	C:\Program Files\Android\Android Studio\jre\jre\bin\sunmscapi.dll
0x00007ffd1d6d0000 - 0x00007ffd1d8b2000 	C:\WINDOWS\System32\CRYPT32.dll
0x00007ffd1c950000 - 0x00007ffd1c962000 	C:\WINDOWS\System32\MSASN1.dll

VM Arguments:
jvm_args: -Xmx1536m -Dfile.encoding=windows-1252 -Duser.country=BR -Duser.language=pt -Duser.variant 
java_command: org.gradle.launcher.daemon.bootstrap.GradleDaemon 5.4.1
java_class_path (initial): C:\Users\rebec\.gradle\wrapper\dists\gradle-5.4.1-all\3221gyojl5jsh0helicew7rwx\gradle-5.4.1\lib\gradle-launcher-5.4.1.jar
Launcher Type: SUN_STANDARD

Environment Variables:
PATH=C:\Python27\;C:\Python27\Scripts;C:\Program Files (x86)\Common Files\Oracle\Java\javapath;C:\Program Files (x86)\Intel\TXE Components\iCLS\;C:\Program Files\Intel\TXE Components\iCLS\;C:\WINDOWS\system32;C:\WINDOWS;C:\WINDOWS\System32\Wbem;C:\WINDOWS\System32\WindowsPowerShell\v1.0\;C:\Program Files\Intel\TXE Components\DAL\;C:\Program Files (x86)\Intel\TXE Components\DAL\;C:\Program Files\Intel\TXE Components\IPT\;C:\Program Files (x86)\Intel\TXE Components\IPT\;C:\WINDOWS\System32\OpenSSH\;C:\MinGW\bin;C:\Program Files\nodejs\;C:\ProgramData\chocolatey\bin;C:\ProgramData\ComposerSetup\bin;C:\Program Files\Git\cmd;C:\Program Files\Git\mingw64\bin;C:\Program Files\Git\usr\bin;C:;C:\WINDOWS;"C:\WINDOWS\system32\ ;C:\Program Files (x86)\Git\bin;C:\Program Files (x86)\Git\cmd";C:\MinGW\bin;C:\Users\rebec\AppData\Local\Programs\Microsoft VS Code\bin;C:\Users\rebec\AppData\Roaming\npm;C:\Users\rebec\Documents\php-7.3.11-nts-Win32-VC15-x64;C:\Users\rebec\AppData\Roaming\Composer\vendor\bin;
USERNAME=rebec
OS=Windows_NT
PROCESSOR_IDENTIFIER=Intel64 Family 6 Model 92 Stepping 9, GenuineIntel



---------------  S Y S T E M  ---------------

OS: Windows 10.0 , 64 bit Build 17134 (10.0.17134.753)

CPU:total 4 (initial active 4) (4 cores per cpu, 1 threads per core) family 6 model 92 stepping 9, cmov, cx8, fxsr, mmx, sse, sse2, sse3, ssse3, sse4.1, sse4.2, popcnt, aes, clmul, erms, 3dnowpref, tsc, tscinvbit

Memory: 4k page, physical 4014304k(71808k free), swap 4014304k(5640k free)

vm_info: OpenJDK 64-Bit Server VM (25.202-b03) for windows-amd64 JRE (1.8.0_202-release-1483-b03), built by "builder" with MS VC++ 10.0 (VS2010)

time: Tue Dec 10 20:27:24 2019
timezone: Hora Padrão de Caracas
elapsed time: 3887 seconds (0d 1h 4m 47s)

